> Task :preBuild UP-TO-DATE
> Task :preReleaseBuild UP-TO-DATE
> Task :mergeReleaseJniLibFolders UP-TO-DATE
> Task :mergeReleaseNativeLibs NO-SOURCE
> Task :stripReleaseDebugSymbols NO-SOURCE
> Task :copyReleaseJniLibsProjectAndLocalJars UP-TO-DATE
> Task :generateReleaseResValues UP-TO-DATE
> Task :extractDeepLinksForAarRelease UP-TO-DATE
> Task :checkKotlinGradlePluginConfigurationErrors SKIPPED
> Task :generateReleaseResources UP-TO-DATE
> Task :packageReleaseResources UP-TO-DATE
> Task :parseReleaseLocalResources UP-TO-DATE
> Task :generateReleaseRFile UP-TO-DATE
> Task :compileReleaseKotlin FAILED

FAILURE: Build failed with an exception.

* What went wrong:
Execution failed for task ':compileReleaseKotlin'.
> Error while evaluating property 'friendPathsSet$kotlin_gradle_plugin_common' of task ':compileReleaseKotlin'.
   > Could not resolve all dependencies for configuration ':releaseCompileClasspath'.
      > Configuration `:releaseRuntimeClasspath` contains AndroidX dependencies, but the `android.useAndroidX` property is not enabled, which may cause runtime issues.
        Set `android.useAndroidX=true` in the `gradle.properties` file and retry.
        The following AndroidX dependencies are detected:
        :releaseRuntimeClasspath -> androidx.core:core-ktx:1.12.0
        :releaseRuntimeClasspath -> com.google.android.material:material:1.11.0 -> androidx.annotation:annotation:1.6.0
        :releaseRuntimeClasspath -> com.google.android.material:material:1.11.0 -> androidx.annotation:annotation:1.6.0 -> androidx.annotation:annotation-jvm:1.6.0
        :releaseRuntimeClasspath -> com.google.android.material:material:1.11.0 -> androidx.core:core:1.12.0
        :releaseRuntimeClasspath -> com.google.android.material:material:1.11.0 -> androidx.annotation:annotation-experimental:1.3.0
        :releaseRuntimeClasspath -> androidx.appcompat:appcompat:1.6.1 -> androidx.appcompat:appcompat-resources:1.6.1 -> androidx.collection:collection:1.1.0
        :releaseRuntimeClasspath -> com.google.firebase:firebase-bom:32.7.4 -> com.google.firebase:firebase-common:20.4.2 -> androidx.concurrent:concurrent-futures:1.1.0
        :releaseRuntimeClasspath -> androidx.appcompat:appcompat:1.6.1 -> androidx.appcompat:appcompat-resources:1.6.1 -> androidx.vectordrawable:vectordrawable-animated:1.1.0 -> androidx.interpolator:interpolator:1.0.0
        :releaseRuntimeClasspath -> com.google.android.material:material:1.11.0 -> androidx.lifecycle:lifecycle-runtime:2.6.1
        :releaseRuntimeClasspath -> androidx.appcompat:appcompat:1.6.1 -> androidx.savedstate:savedstate:1.2.1 -> androidx.arch.core:core-common:2.2.0
        :releaseRuntimeClasspath -> com.google.android.gms:play-services-ads:23.0.0 -> com.google.android.gms:play-services-ads-lite:23.0.0 -> androidx.work:work-runtime:2.7.0 -> androidx.lifecycle:lifecycle-service:2.6.1 -> androidx.lifecycle:lifecycle-livedata-core:2.6.1 -> androidx.arch.core:core-runtime:2.2.0
        :releaseRuntimeClasspath -> androidx.appcompat:appcompat:1.6.1 -> androidx.savedstate:savedstate:1.2.1 -> androidx.lifecycle:lifecycle-common:2.6.1
        :releaseRuntimeClasspath -> com.google.android.material:material:1.11.0 -> androidx.fragment:fragment:1.3.6
        :releaseRuntimeClasspath -> com.google.android.material:material:1.11.0 -> androidx.fragment:fragment:1.3.6 -> androidx.viewpager:viewpager:1.0.0
        :releaseRuntimeClasspath -> androidx.recyclerview:recyclerview:1.3.2 -> androidx.customview:customview:1.1.0
        :releaseRuntimeClasspath -> com.google.android.material:material:1.11.0 -> androidx.dynamicanimation:dynamicanimation:1.0.0 -> androidx.legacy:legacy-support-core-utils:1.0.0 -> androidx.loader:loader:1.0.0
        :releaseRuntimeClasspath -> com.google.android.material:material:1.11.0 -> androidx.dynamicanimation:dynamicanimation:1.0.0 -> androidx.legacy:legacy-support-core-utils:1.0.0 -> androidx.loader:loader:1.0.0 -> androidx.lifecycle:lifecycle-livedata:2.6.1
        :releaseRuntimeClasspath -> com.google.android.gms:play-services-ads:23.0.0 -> com.google.android.gms:play-services-ads-lite:23.0.0 -> androidx.work:work-runtime:2.7.0 -> androidx.lifecycle:lifecycle-service:2.6.1 -> androidx.lifecycle:lifecycle-livedata-core:2.6.1
        :releaseRuntimeClasspath -> androidx.appcompat:appcompat:1.6.1 -> androidx.emoji2:emoji2:1.2.0 -> androidx.lifecycle:lifecycle-process:2.6.1
        :releaseRuntimeClasspath -> androidx.appcompat:appcompat:1.6.1 -> androidx.emoji2:emoji2:1.2.0 -> androidx.startup:startup-runtime:1.1.1
        :releaseRuntimeClasspath -> com.google.android.material:material:1.11.0 -> androidx.activity:activity:1.8.0 -> androidx.tracing:tracing:1.0.0
        :releaseRuntimeClasspath -> com.google.android.gms:play-services-ads:23.0.0 -> com.google.android.gms:play-services-ads-lite:23.0.0 -> androidx.work:work-runtime:2.7.0 -> androidx.lifecycle:lifecycle-service:2.6.1
        :releaseRuntimeClasspath -> androidx.appcompat:appcompat:1.6.1 -> androidx.lifecycle:lifecycle-viewmodel:2.6.1
        :releaseRuntimeClasspath -> com.google.android.material:material:1.11.0 -> androidx.activity:activity:1.8.0 -> androidx.lifecycle:lifecycle-viewmodel-savedstate:2.6.1
        :releaseRuntimeClasspath -> androidx.appcompat:appcompat:1.6.1 -> androidx.savedstate:savedstate:1.2.1
        :releaseRuntimeClasspath -> com.google.android.material:material:1.11.0 -> androidx.activity:activity:1.8.0
        :releaseRuntimeClasspath -> com.google.android.material:material:1.11.0 -> androidx.activity:activity:1.8.0 -> androidx.profileinstaller:profileinstaller:1.3.0
        :releaseRuntimeClasspath -> com.google.android.material:material:1.11.0 -> androidx.core:core:1.12.0 -> androidx.versionedparcelable:versionedparcelable:1.1.1
        :releaseRuntimeClasspath -> androidx.appcompat:appcompat:1.6.1
        :releaseRuntimeClasspath -> androidx.appcompat:appcompat:1.6.1 -> androidx.appcompat:appcompat-resources:1.6.1
        :releaseRuntimeClasspath -> com.google.android.material:material:1.11.0 -> androidx.vectordrawable:vectordrawable:1.1.0
        :releaseRuntimeClasspath -> androidx.appcompat:appcompat:1.6.1 -> androidx.appcompat:appcompat-resources:1.6.1 -> androidx.vectordrawable:vectordrawable-animated:1.1.0
        :releaseRuntimeClasspath -> androidx.appcompat:appcompat:1.6.1 -> androidx.cursoradapter:cursoradapter:1.0.0
        :releaseRuntimeClasspath -> com.google.android.material:material:1.11.0 -> androidx.drawerlayout:drawerlayout:1.1.1
        :releaseRuntimeClasspath -> androidx.appcompat:appcompat:1.6.1 -> androidx.emoji2:emoji2:1.2.0
        :releaseRuntimeClasspath -> androidx.appcompat:appcompat:1.6.1 -> androidx.emoji2:emoji2-views-helper:1.2.0
        :releaseRuntimeClasspath -> com.google.android.material:material:1.11.0 -> androidx.resourceinspection:resourceinspection-annotation:1.0.1
        :releaseRuntimeClasspath -> com.google.android.material:material:1.11.0
        :releaseRuntimeClasspath -> com.google.android.material:material:1.11.0 -> androidx.cardview:cardview:1.0.0
        :releaseRuntimeClasspath -> com.google.android.material:material:1.11.0 -> androidx.coordinatorlayout:coordinatorlayout:1.1.0
        :releaseRuntimeClasspath -> com.google.android.material:material:1.11.0 -> androidx.constraintlayout:constraintlayout:2.0.1
        :releaseRuntimeClasspath -> com.google.android.material:material:1.11.0 -> androidx.constraintlayout:constraintlayout:2.0.1 -> androidx.constraintlayout:constraintlayout-solver:2.0.1
        :releaseRuntimeClasspath -> com.google.android.material:material:1.11.0 -> androidx.dynamicanimation:dynamicanimation:1.0.0
        :releaseRuntimeClasspath -> com.google.android.material:material:1.11.0 -> androidx.dynamicanimation:dynamicanimation:1.0.0 -> androidx.legacy:legacy-support-core-utils:1.0.0
        :releaseRuntimeClasspath -> com.google.android.material:material:1.11.0 -> androidx.dynamicanimation:dynamicanimation:1.0.0 -> androidx.legacy:legacy-support-core-utils:1.0.0 -> androidx.documentfile:documentfile:1.0.0
        :releaseRuntimeClasspath -> com.google.firebase:firebase-bom:32.7.4 -> com.google.firebase:firebase-auth:22.3.1 -> androidx.localbroadcastmanager:localbroadcastmanager:1.0.0
        :releaseRuntimeClasspath -> com.google.android.material:material:1.11.0 -> androidx.dynamicanimation:dynamicanimation:1.0.0 -> androidx.legacy:legacy-support-core-utils:1.0.0 -> androidx.print:print:1.0.0
        :releaseRuntimeClasspath -> androidx.recyclerview:recyclerview:1.3.2
        :releaseRuntimeClasspath -> androidx.recyclerview:recyclerview:1.3.2 -> androidx.customview:customview-poolingcontainer:1.0.0
        :releaseRuntimeClasspath -> androidx.viewpager2:viewpager2:1.1.0-beta02
        :releaseRuntimeClasspath -> com.google.android.material:material:1.11.0 -> androidx.transition:transition:1.2.0
        :releaseRuntimeClasspath -> com.google.android.gms:play-services-ads:23.0.0 -> androidx.browser:browser:1.4.0
        :releaseRuntimeClasspath -> com.google.android.gms:play-services-ads:23.0.0 -> androidx.privacysandbox.ads:ads-adservices:1.0.0-beta05
        :releaseRuntimeClasspath -> com.google.android.gms:play-services-ads:23.0.0 -> androidx.privacysandbox.ads:ads-adservices-java:1.0.0-beta05
        :releaseRuntimeClasspath -> com.google.android.gms:play-services-ads:23.0.0 -> com.google.android.gms:play-services-ads-lite:23.0.0 -> androidx.work:work-runtime:2.7.0
        :releaseRuntimeClasspath -> com.google.android.gms:play-services-ads:23.0.0 -> com.google.android.gms:play-services-ads-lite:23.0.0 -> androidx.work:work-runtime:2.7.0 -> androidx.room:room-runtime:2.2.5
        :releaseRuntimeClasspath -> com.google.android.gms:play-services-ads:23.0.0 -> com.google.android.gms:play-services-ads-lite:23.0.0 -> androidx.work:work-runtime:2.7.0 -> androidx.room:room-runtime:2.2.5 -> androidx.room:room-common:2.2.5
        :releaseRuntimeClasspath -> com.google.android.gms:play-services-ads:23.0.0 -> com.google.android.gms:play-services-ads-lite:23.0.0 -> androidx.work:work-runtime:2.7.0 -> androidx.sqlite:sqlite-framework:2.1.0
        :releaseRuntimeClasspath -> com.google.android.gms:play-services-ads:23.0.0 -> com.google.android.gms:play-services-ads-lite:23.0.0 -> androidx.work:work-runtime:2.7.0 -> androidx.sqlite:sqlite:2.1.0

* Try:
> Run with --stacktrace option to get the stack trace.
> Run with --info or --debug option to get more log output.
> Run with --scan to generate a Build Scan (Powered by Develocity).
> Get more help at https://help.gradle.org.

BUILD FAILED in 398ms
9 actionable tasks: 1 executed, 8 up-to-date
